<?xml version="1.0" encoding="UTF-8"?>
<!-- Generated by org.testng.reporters.JUnitReportReporter -->
<testsuite hostname="LAPTOP-CC3I0DJF" failures="0" tests="4" name="testNgAssignments.DataProviderClassForPayroll" time="25.146" errors="0" timestamp="2023-02-09T21:32:25 IST" skipped="0">
  <testcase classname="testNgAssignments.DataProviderClassForPayroll" name="verificationOfSuccessfullLogin" time="6.733"/>
  <system-out/>
  <testcase classname="testNgAssignments.DataProviderClassForPayroll" name="verificationOfUnSuccessfullLogin" time="5.599"/>
  <system-out/>
  <testcase classname="testNgAssignments.DataProviderClassForPayroll" name="verificationOfUnSuccessfullLogin" time="6.537"/>
  <system-out/>
  <testcase classname="testNgAssignments.DataProviderClassForPayroll" name="verificationOfUnSuccessfullLogin" time="6.277"/>
  <system-out/>
</testsuite> <!-- testNgAssignments.DataProviderClassForPayroll -->
