<?xml version="1.0" encoding="UTF-8"?>
<!-- Generated by org.testng.reporters.JUnitReportReporter -->
<testsuite hostname="LAPTOP-CC3I0DJF" failures="0" tests="1" name="testNgAssignments.TestNgAssignmentProgram2" time="5.408" errors="0" timestamp="2023-01-22T16:00:34 IST" skipped="0">
  <testcase classname="testNgAssignments.TestNgAssignmentProgram2" name="alertHandlingAndPrintingMessageInConsole" time="5.408"/>
  <system-out/>
</testsuite> <!-- testNgAssignments.TestNgAssignmentProgram2 -->
