<?xml version="1.0" encoding="UTF-8"?>
<!-- Generated by org.testng.reporters.JUnitReportReporter -->
<testsuite hostname="LAPTOP-CC3I0DJF" failures="0" tests="2" name="testngSamples.BasicAnnotations" time="8.342" errors="0" timestamp="2023-01-13T22:26:28 IST" skipped="0">
  <testcase classname="testngSamples.BasicAnnotations" name="verifyTitle" time="3.654"/>
  <system-out/>
  <testcase classname="testngSamples.BasicAnnotations" name="isLogoVisibleOrNot" time="4.688"/>
  <system-out/>
</testsuite> <!-- testngSamples.BasicAnnotations -->
