<?xml version="1.0" encoding="UTF-8"?>
<!-- Generated by org.testng.reporters.JUnitReportReporter -->
<testsuite hostname="LAPTOP-CC3I0DJF" failures="0" tests="1" name="testngSamples.DragAndDrop" time="8.366" errors="0" timestamp="2023-02-01T22:51:02 IST" skipped="0">
  <testcase classname="testngSamples.DragAndDrop" name="dragAndDrop" time="8.366"/>
  <system-out/>
</testsuite> <!-- testngSamples.DragAndDrop -->
