<?xml version="1.0" encoding="UTF-8"?>
<!-- Generated by org.testng.reporters.JUnitReportReporter -->
<testsuite hostname="LAPTOP-CC3I0DJF" failures="0" tests="6" name="testNgAssignments.TestNgSamplePrograms" time="35.472" errors="0" timestamp="2023-01-16T21:53:23 IST" skipped="0">
  <testcase classname="testNgAssignments.TestNgSamplePrograms" name="onWayButtonIsSelectedByDefault" time="6.221"/>
  <system-out/>
  <testcase classname="testNgAssignments.TestNgSamplePrograms" name="verifyTheSignInByInvalidDetails" time="5.894"/>
  <system-out/>
  <testcase classname="testNgAssignments.TestNgSamplePrograms" name="verifyTheLogoIsVisibleOrNot" time="4.899"/>
  <system-out/>
  <testcase classname="testNgAssignments.TestNgSamplePrograms" name="registerLinkIsClickleOrNot" time="5.350"/>
  <system-out/>
  <testcase classname="testNgAssignments.TestNgSamplePrograms" name="verifyTheSuccesfullSignOn" time="6.642"/>
  <system-out/>
  <testcase classname="testNgAssignments.TestNgSamplePrograms" name="verifyTheApplicationIsCorrectlyOpensWhileHitingTheUrl" time="6.466"/>
  <system-out/>
</testsuite> <!-- testNgAssignments.TestNgSamplePrograms -->
