<?xml version="1.0" encoding="UTF-8"?>
<!-- Generated by org.testng.reporters.JUnitReportReporter -->
<testsuite hostname="LAPTOP-CC3I0DJF" failures="0" tests="3" name="testngSamples.DataProviderTestClass" time="0.015" errors="0" timestamp="2023-02-09T11:44:38 IST" skipped="0">
  <testcase classname="testngSamples.DataProviderTestClass" name="multiplication" time="0.002"/>
  <system-out/>
  <testcase classname="testngSamples.DataProviderTestClass" name="multiplication" time="0.002"/>
  <system-out/>
  <testcase classname="testngSamples.DataProviderTestClass" name="addition" time="0.011"/>
  <system-out/>
</testsuite> <!-- testngSamples.DataProviderTestClass -->
