<?xml version="1.0" encoding="UTF-8"?>
<!-- Generated by org.testng.reporters.JUnitReportReporter -->
<testsuite hostname="LAPTOP-CC3I0DJF" failures="0" tests="1" name="testngSamples.TableXpath" time="7.129" errors="0" timestamp="2023-01-30T10:16:46 IST" skipped="0">
  <testcase classname="testngSamples.TableXpath" name="test" time="7.129"/>
  <system-out/>
</testsuite> <!-- testngSamples.TableXpath -->
