<?xml version="1.0" encoding="UTF-8"?>
<!-- Generated by org.testng.reporters.JUnitReportReporter -->
<testsuite hostname="LAPTOP-CC3I0DJF" failures="0" tests="1" name="testngSamples.MultipleWindowHandles" time="15.265" errors="0" timestamp="2023-01-25T12:05:26 IST" skipped="0">
  <testcase classname="testngSamples.MultipleWindowHandles" name="multipleWindowHandling" time="15.265"/>
  <system-out/>
</testsuite> <!-- testngSamples.MultipleWindowHandles -->
