<?xml version="1.0" encoding="UTF-8"?>
<!-- Generated by org.testng.reporters.JUnitReportReporter -->
<testsuite hostname="LAPTOP-CC3I0DJF" failures="0" tests="1" name="testNgAssignments.RestaurantTableXpathAssignment" time="23.774" errors="0" timestamp="2023-01-31T17:48:16 IST" skipped="0">
  <testcase classname="testNgAssignments.RestaurantTableXpathAssignment" name="verifyTheEditFunctionalityOfAddedProduct" time="23.774"/>
  <system-out/>
</testsuite> <!-- testNgAssignments.RestaurantTableXpathAssignment -->
