<?xml version="1.0" encoding="UTF-8"?>
<!-- Generated by org.testng.reporters.JUnitReportReporter -->
<testsuite hostname="LAPTOP-CC3I0DJF" failures="0" tests="1" name="testngSamples.FileUploading" time="25.638" errors="0" timestamp="2023-01-23T11:48:29 IST" skipped="0">
  <testcase classname="testngSamples.FileUploading" name="fileUploadUsingRobotClass" time="25.638"/>
  <system-out/>
</testsuite> <!-- testngSamples.FileUploading -->
