<?xml version="1.0" encoding="UTF-8"?>
<!-- Generated by org.testng.reporters.JUnitReportReporter -->
<testsuite hostname="LAPTOP-CC3I0DJF" failures="0" tests="1" name="testngSamples.IframeHandling" time="7.254" errors="0" timestamp="2023-01-26T11:07:40 IST" skipped="0">
  <testcase classname="testngSamples.IframeHandling" name="verifyTheCorrectWebPgeIsLoadingByClickingAnIframe" time="7.254"/>
  <system-out/>
</testsuite> <!-- testngSamples.IframeHandling -->
