<?xml version="1.0" encoding="UTF-8"?>
<!-- Generated by org.testng.reporters.JUnitReportReporter -->
<testsuite hostname="LAPTOP-CC3I0DJF" failures="0" tests="4" name="testNgAssignments.TestNgAssignmentProgram3" time="25.079" errors="0" timestamp="2023-01-22T15:39:20 IST" skipped="0">
  <testcase classname="testNgAssignments.TestNgAssignmentProgram3" name="verifyingSuccesfullLogin" time="5.394"/>
  <system-out/>
  <testcase classname="testNgAssignments.TestNgAssignmentProgram3" name="verifyTheCreationOfNewClient" time="8.582"/>
  <system-out/>
  <testcase classname="testNgAssignments.TestNgAssignmentProgram3" name="verificationOfUnsuccessfullLogin" time="5.819"/>
  <system-out/>
  <testcase classname="testNgAssignments.TestNgAssignmentProgram3" name="verificationOfDashBoardPageAfterLogin" time="5.284"/>
  <system-out/>
</testsuite> <!-- testNgAssignments.TestNgAssignmentProgram3 -->
