<?xml version="1.0" encoding="UTF-8"?>
<!-- Generated by org.testng.reporters.JUnitReportReporter -->
<testsuite hostname="LAPTOP-CC3I0DJF" failures="0" tests="4" name="testngSamples.NavigationCommandsTestng" time="16.846" errors="0" timestamp="2023-01-13T22:34:49 IST" skipped="0">
  <testcase classname="testngSamples.NavigationCommandsTestng" name="refersh" time="3.752"/>
  <system-out/>
  <testcase classname="testngSamples.NavigationCommandsTestng" name="goingBack" time="3.851"/>
  <system-out/>
  <testcase classname="testngSamples.NavigationCommandsTestng" name="navigateToGroceryApp" time="5.721"/>
  <system-out/>
  <testcase classname="testngSamples.NavigationCommandsTestng" name="goingToForward" time="3.522"/>
  <system-out/>
</testsuite> <!-- testngSamples.NavigationCommandsTestng -->
