<?xml version="1.0" encoding="UTF-8"?>
<!-- Generated by org.testng.reporters.JUnitReportReporter -->
<testsuite hostname="LAPTOP-CC3I0DJF" failures="0" tests="2" name="testngSamples.WebElementTestNg" time="9.276" errors="0" timestamp="2023-01-14T23:05:51 IST" skipped="0">
  <testcase classname="testngSamples.WebElementTestNg" name="inputForm" time="4.009"/>
  <system-out/>
  <testcase classname="testngSamples.WebElementTestNg" name="checkBoxISSelectedOrNot" time="5.267"/>
  <system-out/>
</testsuite> <!-- testngSamples.WebElementTestNg -->
