<?xml version="1.0" encoding="UTF-8"?>
<!-- Generated by org.testng.reporters.JUnitReportReporter -->
<testsuite hostname="LAPTOP-CC3I0DJF" failures="0" tests="1" name="testngSamples.TableXpath" time="12.046" errors="0" timestamp="2023-01-17T11:02:06 IST" skipped="0">
  <testcase classname="testngSamples.TableXpath" name="clientDetailsOfTom" time="12.046"/>
  <system-out/>
</testsuite> <!-- testngSamples.TableXpath -->
