<?xml version="1.0" encoding="UTF-8"?>
<!-- Generated by org.testng.reporters.JUnitReportReporter -->
<testsuite hostname="LAPTOP-CC3I0DJF" failures="0" tests="3" name="testNgAssignments.TestngAssignmentProgram1" time="25.032" errors="0" timestamp="2023-01-23T10:04:25 IST" skipped="0">
  <testcase classname="testNgAssignments.TestngAssignmentProgram1" name="vertifyingTheNameDaiRiosIsVisibleOrNot" time="12.997"/>
  <system-out/>
  <testcase classname="testNgAssignments.TestngAssignmentProgram1" name="verifyingTheDetailsOfTigerNixonAndPrintingDeails" time="6.765"/>
  <system-out/>
  <testcase classname="testNgAssignments.TestngAssignmentProgram1" name="verifyingHommeTabIsVisibleOrNot" time="5.270"/>
  <system-out/>
</testsuite> <!-- testNgAssignments.TestngAssignmentProgram1 -->
