<?xml version="1.0" encoding="UTF-8"?>
<!-- Generated by org.testng.reporters.JUnitReportReporter -->
<testsuite hostname="LAPTOP-CC3I0DJF" failures="0" tests="6" name="excecuteClass.LoginPageTestClass" time="20.851" errors="0" timestamp="2023-02-10T21:56:53 IST" skipped="0">
  <testcase classname="excecuteClass.LoginPageTestClass" name="verifyTheLoginPageIsDisplayedWhileOpeningUrl" time="2.485"/>
  <system-out/>
  <testcase classname="excecuteClass.LoginPageTestClass" name="verifySuccessfullLoging" time="6.565"/>
  <system-out/>
  <testcase classname="excecuteClass.LoginPageTestClass" name="verifyUnSuccessfullLogin" time="3.175"/>
  <system-out/>
  <testcase classname="excecuteClass.LoginPageTestClass" name="verifyUnSuccessfullLogin" time="3.055"/>
  <system-out/>
  <testcase classname="excecuteClass.LoginPageTestClass" name="verifyRememberMeCheckBoxIsSelectedByDefault" time="2.310"/>
  <system-out/>
  <testcase classname="excecuteClass.LoginPageTestClass" name="verifyUnSuccessfullLogin" time="3.261"/>
  <system-out/>
</testsuite> <!-- excecuteClass.LoginPageTestClass -->
