<?xml version="1.0" encoding="UTF-8"?>
<!-- Generated by org.testng.reporters.JUnitReportReporter -->
<testsuite hostname="LAPTOP-CC3I0DJF" failures="0" tests="3" name="testngSamples.DataProviderTestClassForLogin" time="12.469" errors="0" timestamp="2023-02-09T21:06:04 IST" skipped="0">
  <testcase classname="testngSamples.DataProviderTestClassForLogin" name="verificationOfUnSuccessfulLogin" time="3.842"/>
  <system-out/>
  <testcase classname="testngSamples.DataProviderTestClassForLogin" name="verificationOfUnSuccessfulLogin" time="4.891"/>
  <system-out/>
  <testcase classname="testngSamples.DataProviderTestClassForLogin" name="verificationOfUnSuccessfulLogin" time="3.736"/>
  <system-out/>
</testsuite> <!-- testngSamples.DataProviderTestClassForLogin -->
