<?xml version="1.0" encoding="UTF-8"?>
<!-- Generated by org.testng.reporters.JUnitReportReporter -->
<testsuite hostname="LAPTOP-CC3I0DJF" failures="0" tests="1" name="testngSamples.WaitsInSelenium" time="12.750" errors="0" timestamp="2023-01-19T11:36:00 IST" skipped="0">
  <testcase classname="testngSamples.WaitsInSelenium" name="verifySearchFunctionalityByUsingClientName" time="12.750"/>
  <system-out/>
</testsuite> <!-- testngSamples.WaitsInSelenium -->
