<?xml version="1.0" encoding="UTF-8"?>
<!-- Generated by org.testng.reporters.JUnitReportReporter -->
<testsuite hostname="LAPTOP-CC3I0DJF" failures="0" tests="1" name="testngSamples.DataProviderClass" time="0.023" errors="0" timestamp="2023-02-09T11:37:07 IST" skipped="0">
  <testcase classname="testngSamples.DataProviderClass" name="multiplication" time="0.023"/>
  <system-out/>
</testsuite> <!-- testngSamples.DataProviderClass -->
