<?xml version="1.0" encoding="UTF-8"?>
<!-- Generated by org.testng.reporters.JUnitReportReporter -->
<testsuite hostname="LAPTOP-CC3I0DJF" failures="0" tests="2" name="testngSamples.BrowserCommandsTestng" time="13.685" errors="0" timestamp="2023-01-14T11:16:41 IST" skipped="0">
  <testcase classname="testngSamples.BrowserCommandsTestng" name="gettingTitle" time="6.845"/>
  <system-out/>
  <testcase classname="testngSamples.BrowserCommandsTestng" name="gettingUrl" time="6.840"/>
  <system-out/>
</testsuite> <!-- testngSamples.BrowserCommandsTestng -->
