<?xml version="1.0" encoding="UTF-8"?>
<!-- Generated by org.testng.reporters.JUnitReportReporter -->
<testsuite hostname="LAPTOP-CC3I0DJF" failures="0" tests="1" name="testngSamples.FileUploadUsingSentKeys" time="8.692" errors="0" timestamp="2023-01-23T10:59:52 IST" skipped="0">
  <testcase classname="testngSamples.FileUploadUsingSentKeys" name="fileUploadUsingSendKeys" time="8.692"/>
  <system-out/>
</testsuite> <!-- testngSamples.FileUploadUsingSentKeys -->
