<?xml version="1.0" encoding="UTF-8"?>
<!-- Generated by org.testng.reporters.JUnitReportReporter -->
<testsuite hostname="LAPTOP-CC3I0DJF" failures="0" tests="5" name="testNgAssignments.WindowHandlingAssignment" time="51.958" errors="0" timestamp="2023-01-26T01:12:03 IST" skipped="0">
  <testcase classname="testNgAssignments.WindowHandlingAssignment" name="verifyTheCorrectWindowIsOpenedWhileClickingTheOpenNewTabButton" time="10.218"/>
  <system-out/>
  <testcase classname="testNgAssignments.WindowHandlingAssignment" name="verifyTheCorrectWindowIsOpenedWhileClickingTheOpenNewWindowButton" time="11.649"/>
  <system-out/>
  <testcase classname="testNgAssignments.WindowHandlingAssignment" name="verifyPromptAlertIsAccepttedOrNot" time="11.353"/>
  <system-out/>
  <testcase classname="testNgAssignments.WindowHandlingAssignment" name="verifySimpleAlertIsAccepttedOrNot" time="10.701"/>
  <system-out/>
  <testcase classname="testNgAssignments.WindowHandlingAssignment" name="verifyTheRegistrationIsSuccessfullOrNot" time="8.037"/>
  <system-out/>
</testsuite> <!-- testNgAssignments.WindowHandlingAssignment -->
