<?xml version="1.0" encoding="UTF-8"?>
<!-- Generated by org.testng.reporters.JUnitReportReporter -->
<testsuite hostname="LAPTOP-CC3I0DJF" failures="0" tests="2" name="testngSamples.AlertHandling" time="17.866" errors="0" timestamp="2023-01-20T11:41:44 IST" skipped="0">
  <testcase classname="testngSamples.AlertHandling" name="alertAccepting" time="10.320"/>
  <system-out/>
  <testcase classname="testngSamples.AlertHandling" name="alertDismiss" time="7.546"/>
  <system-out/>
</testsuite> <!-- testngSamples.AlertHandling -->
